0	1	mikroCARM.exe -MSF -DBG -pSTM32F407VG -BIN -LHF -DL -SSA -O11111114 -fo16 -N"C:\Daily use\Materials\Senior II Computer engineer\embedded system\LAB6\lab\lab6.mcpar" -SP"C:\Users\Public\Documents\Mikroelektronika\mikroC PRO for ARM\Defs\" -SP"C:\Users\Public\Documents\Mikroelektronika\mikroC PRO for ARM\Uses\ST M4\" -SP"C:\Daily use\Materials\Senior II Computer engineer\embedded system\LAB6\lab\" -IP"C:\Users\Public\Documents\Mikroelektronika\mikroC PRO for ARM\Uses\ST M4\" "lab6.c" "req2.c" "req3.c" "__Lib_Math.emcl" "__Lib_MathDouble.emcl" "__Lib_Delays.emcl" "__Lib_System_4XX.emcl" "__Lib_GPIO_32F4xx_Defs.emcl" "__Lib_GPIO_32F4xx.emcl" "__Lib_Button.emcl"	 
diagnostics: 0	122	Compilation Started	lab6.c
warning: 22	1503	Result is not defined in function: 'main'	lab6.c
diagnostics: 22	123	Compiled Successfully	lab6.c
diagnostics: 0	122	Compilation Started	req2.c
error: 4	402	; expected, but '=' found	req2.c
error: 4	393	'GPIOD_ODR' Identifier redefined	req2.c
error: 4	371	Specifier needed	req2.c
error: 4	396	Invalid declarator expected'(' or identifier	req2.c
error: 5	402	; expected, but '=' found	req2.c
error: 5	393	'GPIOE_ODR' Identifier redefined	req2.c
error: 5	371	Specifier needed	req2.c
error: 5	396	Invalid declarator expected'(' or identifier	req2.c
error: 5	393	'' Identifier redefined	req2.c
error: 27	315	Invalid expression	req2.c
error: 26	402	; expected, but '' found	req2.c
error: 27	424	'}' expected '' found	req2.c
diagnostics: 0	122	Compilation Started	req3.c
error: 1	402	; expected, but '=' found	req3.c
error: 1	393	'GPIOE_ODR' Identifier redefined	req3.c
error: 1	371	Specifier needed	req3.c
error: 1	396	Invalid declarator expected'(' or identifier	req3.c
error: 8	315	Invalid expression	req3.c
error: 8	402	; expected, but ')' found	req3.c
error: 11	424	'}' expected ';' found	req3.c
error: 12	424	'}' expected '}' found	req3.c
warning: 13	1503	Result is not defined in function: 'main'	req3.c
error: 14	371	Specifier needed	req3.c
error: 14	396	Invalid declarator expected'(' or identifier	req3.c
error: 14	300	Syntax Error: ')' expected,  but '(' found	req3.c
error: 14	396	Invalid declarator expected'(' or identifier	req3.c
error: 14	396	Invalid declarator expected'(' or identifier	req3.c
error: 14	396	Invalid declarator expected'(' or identifier	req3.c
error: 16	371	Specifier needed	req3.c
error: 16	300	Syntax Error: ')' expected,  but '!' found	req3.c
error: 17	393	'' Identifier redefined	req3.c
error: 17	393	'' Identifier redefined	req3.c
error: 17	393	' ' Identifier redefined	req3.c
error: 17	312	Internal error ''	req3.c
error: 0	102	Finished (with errors): 26 Mar 2023, 14:25:23	lab6.mcpar
