0	1	mikroCARM.exe -MSF -DBG -pSTM32F407VG -BIN -LHF -DL -SSA -O11111114 -fo16 -N"C:\Daily use\Materials\Senior II Computer engineer\embedded system\LAB8\req1\MyProject.mcpar" -SP"C:\Users\Public\Documents\Mikroelektronika\mikroC PRO for ARM\Defs\" -SP"C:\Users\Public\Documents\Mikroelektronika\mikroC PRO for ARM\Uses\ST M4\" -SP"C:\Daily use\Materials\Senior II Computer engineer\embedded system\LAB8\req1\" -IP"C:\Users\Public\Documents\Mikroelektronika\mikroC PRO for ARM\Uses\ST M4\" "MyProject_main.c" "MyProject_events_code.c" "MyProject_driver.c" "MyProject_resources.c" "__Lib_Math.emcl" "__Lib_MathDouble.emcl" "__Lib_Delays.emcl" "__Lib_System_4XX.emcl" "__Lib_GPIO_32F4xx_Defs.emcl" "__Lib_GPIO_32F4xx.emcl" "__Lib_Button.emcl" "__Lib_ADC_123_32F20x_16ch.emcl" "__Lib_TFT.emcl" "__Lib_TFT_Defs.emcl" "__Lib_TouchPanel_TFT.emcl"	 
diagnostics: 0	122	Compilation Started	myproject_objects.h
diagnostics: 43	123	Compiled Successfully	MyProject_main.c
diagnostics: 0	122	Compilation Started	myproject_objects.h
diagnostics: 32	123	Compiled Successfully	MyProject_events_code.c
diagnostics: 0	122	Compilation Started	myproject_objects.h
warning: 127	1506	Implicit conversion of pointer to int	MyProject_driver.c
warning: 127	1506	Implicit conversion of pointer to int	MyProject_driver.c
warning: 127	1506	Implicit conversion of pointer to int	MyProject_driver.c
warning: 127	1506	Implicit conversion of pointer to int	MyProject_driver.c
warning: 367	1505	Suspicious pointer conversion	MyProject_driver.c
diagnostics: 860	123	Compiled Successfully	MyProject_driver.c
diagnostics: 0	122	Compilation Started	MyProject_resources.c
diagnostics: 504	123	Compiled Successfully	MyProject_resources.c
diagnostics: 0	127	All files Compiled in 843 ms	 
hint: 0	1144	Used RX: 16 (100%)   Free RX: 0 (0%)	Used RX: 16 (100%)   Free RX: 0 (0%)
hint: 0	1144	Static RAM (bytes): 2904   Dynamic RAM (bytes): 128165	Static RAM (bytes): 2904   Dynamic RAM (bytes): 128165
hint: 0	1144	Used ROM (bytes): 46653 (4%)  Free ROM (bytes): 1001923 (96%)	Used ROM (bytes): 46653 (4%)  Free ROM (bytes): 1001923 (96%)
diagnostics: 0	125	Project Linked Successfully	MyProject.mcpar
diagnostics: 0	128	Linked in 610 ms	 
diagnostics: 0	129	Project 'MyProject.mcpar' completed: 1719 ms	 
diagnostics: 0	103	Finished successfully: 07 May 2023, 15:22:59	MyProject.mcpar
